{
  "RSpec": {
    "coverage": {
      "/Users/dariakarazayeva/projects/marley_spoon_test/lib/contentful_client.rb": {
        "lines": [
          1,
          1,
          null,
          1,
          null,
          1,
          1,
          null,
          null,
          null,
          null,
          null,
          null,
          null,
          null,
          1,
          1,
          null,
          null,
          1,
          2,
          null,
          null
        ]
      },
      "/Users/dariakarazayeva/projects/marley_spoon_test/app/controllers/recipes_controller.rb": {
        "lines": [
          null,
          null,
          1,
          1,
          2,
          null,
          null,
          1,
          2,
          null,
          null
        ]
      },
      "/Users/dariakarazayeva/projects/marley_spoon_test/app/controllers/application_controller.rb": {
        "lines": [
          null,
          null,
          1,
          null
        ]
      },
      "/Users/dariakarazayeva/projects/marley_spoon_test/app/entries/base_entry.rb": {
        "lines": [
          null,
          null,
          null,
          null,
          null,
          null,
          null,
          null,
          null,
          null,
          null,
          null,
          null,
          null,
          null,
          null,
          1,
          1,
          5,
          null,
          9,
          null,
          null,
          null,
          1,
          2,
          null,
          4,
          null,
          null,
          null,
          1,
          77,
          29,
          null,
          null,
          null
        ]
      },
      "/Users/dariakarazayeva/projects/marley_spoon_test/app/entries/chef_entry.rb": {
        "lines": [
          null,
          null,
          1,
          1,
          null
        ]
      },
      "/Users/dariakarazayeva/projects/marley_spoon_test/app/entries/photo_entry.rb": {
        "lines": [
          null,
          null,
          1,
          1,
          null,
          1,
          null,
          1,
          3,
          1,
          1,
          1,
          null,
          null,
          null,
          1,
          null,
          1,
          2,
          null,
          null,
          1,
          3,
          null,
          null
        ]
      },
      "/Users/dariakarazayeva/projects/marley_spoon_test/app/entries/recipe_entry.rb": {
        "lines": [
          null,
          null,
          1,
          1,
          null,
          null,
          null,
          null,
          1,
          null
        ]
      },
      "/Users/dariakarazayeva/projects/marley_spoon_test/app/entries/tag_entry.rb": {
        "lines": [
          null,
          null,
          1,
          1,
          null
        ]
      },
      "/Users/dariakarazayeva/projects/marley_spoon_test/app/repositories/recipe_repository.rb": {
        "lines": [
          null,
          null,
          1,
          1,
          null,
          1,
          1,
          1,
          null,
          null,
          null,
          1,
          1,
          null,
          null,
          1,
          7,
          null,
          6,
          null,
          null,
          1,
          5,
          5,
          5,
          5,
          null,
          null,
          null,
          1,
          null,
          1,
          5,
          null,
          null,
          1,
          4,
          null,
          4,
          null,
          null,
          1,
          3,
          null,
          3,
          null,
          null,
          1,
          3,
          null,
          3,
          3,
          null,
          null,
          null
        ]
      },
      "/Users/dariakarazayeva/projects/marley_spoon_test/app/repositories/recipes_repository.rb": {
        "lines": [
          null,
          null,
          1,
          1,
          null,
          1,
          1,
          null,
          null,
          1,
          3,
          null,
          null,
          1,
          2,
          2,
          null,
          null,
          null
        ]
      }
    },
    "timestamp": 1634576188
  }
}
