{
  "RSpec": {
    "coverage": {
      "/Users/dariakarazayeva/projects/marley_spoon_test/lib/contentful_client.rb": {
        "lines": [
          1,
          1,
          null,
          1,
          null,
          1,
          1,
          null,
          null,
          null,
          null,
          null,
          null,
          null,
          null,
          1,
          1,
          null,
          null,
          1,
          2,
          null,
          null
        ]
      },
      "/Users/dariakarazayeva/projects/marley_spoon_test/app/controllers/recipes_controller.rb": {
        "lines": [
          1,
          1,
          2,
          null,
          null,
          1,
          2,
          null,
          null
        ]
      },
      "/Users/dariakarazayeva/projects/marley_spoon_test/app/controllers/application_controller.rb": {
        "lines": [
          1,
          null
        ]
      },
      "/Users/dariakarazayeva/projects/marley_spoon_test/app/contentful/entries/base.rb": {
        "lines": [
          1,
          1,
          1,
          5,
          null,
          9,
          null,
          null,
          null,
          1,
          2,
          null,
          4,
          null,
          null,
          null,
          1,
          75,
          27,
          null,
          null,
          null,
          null
        ]
      },
      "/Users/dariakarazayeva/projects/marley_spoon_test/app/contentful/entries/chef.rb": {
        "lines": [
          1,
          1,
          1,
          null,
          null
        ]
      },
      "/Users/dariakarazayeva/projects/marley_spoon_test/app/contentful/entries/photo.rb": {
        "lines": [
          1,
          1,
          1,
          null,
          1,
          1,
          null,
          null,
          null
        ]
      },
      "/Users/dariakarazayeva/projects/marley_spoon_test/app/contentful/entries/recipe.rb": {
        "lines": [
          1,
          1,
          1,
          null,
          null,
          null,
          null,
          1,
          null,
          null
        ]
      },
      "/Users/dariakarazayeva/projects/marley_spoon_test/app/contentful/entries/tag.rb": {
        "lines": [
          1,
          1,
          1,
          null,
          null
        ]
      },
      "/Users/dariakarazayeva/projects/marley_spoon_test/app/contentful/repositories/recipe.rb": {
        "lines": [
          1,
          1,
          1,
          null,
          1,
          1,
          null,
          null,
          1,
          6,
          null,
          null,
          1,
          5,
          5,
          5,
          5,
          null,
          null,
          null,
          1,
          null,
          1,
          5,
          null,
          null,
          1,
          4,
          null,
          4,
          null,
          null,
          1,
          3,
          null,
          3,
          null,
          null,
          1,
          3,
          null,
          3,
          3,
          null,
          null,
          null,
          null
        ]
      },
      "/Users/dariakarazayeva/projects/marley_spoon_test/app/contentful/repositories/recipes.rb": {
        "lines": [
          1,
          1,
          1,
          null,
          1,
          1,
          null,
          null,
          1,
          3,
          null,
          null,
          1,
          2,
          2,
          null,
          null,
          null,
          null
        ]
      }
    },
    "timestamp": 1634567726
  }
}
